# JRE version: OpenJDK Runtime Environment Microsoft-11369865 (17.0.15+6) (build 17.0.15+6-LTS)
# Java VM: OpenJDK 64-Bit Server VM Microsoft-11369865 (17.0.15+6-LTS, mixed mode, sharing, tiered, compressed oops, compressed class ptrs, g1 gc, windows-amd64)
GC Precious Log:
 CPUs: 16 total, 16 available
 Memory: 15591M
 Large Page Support: Disabled
 NUMA Support: Disabled
 Compressed Oops: Enabled (32-bit)
 Heap Region Size: 1M
 Heap Min Capacity: 256M
 Heap Initial Capacity: 256M
 Heap Max Capacity: 512M
 Pre-touch: Disabled
 Parallel Workers: 13
 Concurrent Workers: 3
 Concurrent Refinement Workers: 13
 Periodic GC: Disabled
Heap:
 garbage-first heap   total 262144K, used 105977K [0x00000000e0000000, 0x0000000100000000)
  region size 1024K, 51 young (52224K), 8 survivors (8192K)
 Metaspace       used 69740K, committed 71040K, reserved 393216K
  class space    used 9367K, committed 9984K, reserved 327680K
GC Heap History (20 events):
Event: 39.301 GC heap before
{Heap before GC invocations=12 (full 0):
 garbage-first heap   total 262144K, used 56636K [0x00000000e0000000, 0x0000000100000000)
  region size 1024K, 17 young (17408K), 16 survivors (16384K)
 Metaspace       used 64699K, committed 65344K, reserved 393216K
  class space    used 8974K, committed 9280K, reserved 327680K
}
Event: 39.309 GC heap after
{Heap after GC invocations=13 (full 0):
 garbage-first heap   total 262144K, used 57186K [0x00000000e0000000, 0x0000000100000000)
  region size 1024K, 3 young (3072K), 3 survivors (3072K)
 Metaspace       used 64699K, committed 65344K, reserved 393216K
  class space    used 8974K, committed 9280K, reserved 327680K
}
Event: 70.123 GC heap before
{Heap before GC invocations=13 (full 0):
 garbage-first heap   total 262144K, used 203618K [0x00000000e0000000, 0x0000000100000000)
  region size 1024K, 147 young (150528K), 3 survivors (3072K)
 Metaspace       used 66449K, committed 67136K, reserved 393216K
  class space    used 9032K, committed 9344K, reserved 327680K
}
Event: 70.126 GC heap after
{Heap after GC invocations=14 (full 0):
 garbage-first heap   total 262144K, used 58924K [0x00000000e0000000, 0x0000000100000000)
  region size 1024K, 4 young (4096K), 4 survivors (4096K)
 Metaspace       used 66449K, committed 67136K, reserved 393216K
  class space    used 9032K, committed 9344K, reserved 327680K
}
Event: 82.469 GC heap before
{Heap before GC invocations=14 (full 0):
 garbage-first heap   total 262144K, used 209452K [0x00000000e0000000, 0x0000000100000000)
  region size 1024K, 151 young (154624K), 4 survivors (4096K)
 Metaspace       used 66903K, committed 67584K, reserved 393216K
  class space    used 9037K, committed 9344K, reserved 327680K
}
Event: 82.476 GC heap after
{Heap after GC invocations=15 (full 0):
 garbage-first heap   total 262144K, used 63248K [0x00000000e0000000, 0x0000000100000000)
  region size 1024K, 9 young (9216K), 9 survivors (9216K)
 Metaspace       used 66903K, committed 67584K, reserved 393216K
  class space    used 9037K, committed 9344K, reserved 327680K
}
Event: 301.792 GC heap before
{Heap before GC invocations=15 (full 0):
 garbage-first heap   total 262144K, used 207632K [0x00000000e0000000, 0x0000000100000000)
  region size 1024K, 151 young (154624K), 9 survivors (9216K)
 Metaspace       used 67348K, committed 68096K, reserved 393216K
  class space    used 9053K, committed 9408K, reserved 327680K
}
Event: 301.797 GC heap after
{Heap after GC invocations=16 (full 0):
 garbage-first heap   total 262144K, used 59362K [0x00000000e0000000, 0x0000000100000000)
  region size 1024K, 5 young (5120K), 5 survivors (5120K)
 Metaspace       used 67348K, committed 68096K, reserved 393216K
  class space    used 9053K, committed 9408K, reserved 327680K
}
Event: 308.206 GC heap before
{Heap before GC invocations=16 (full 0):
 garbage-first heap   total 262144K, used 209890K [0x00000000e0000000, 0x0000000100000000)
  region size 1024K, 153 young (156672K), 5 survivors (5120K)
 Metaspace       used 67547K, committed 68288K, reserved 393216K
  class space    used 9060K, committed 9408K, reserved 327680K
}
Event: 308.210 GC heap after
{Heap after GC invocations=17 (full 0):
 garbage-first heap   total 262144K, used 61093K [0x00000000e0000000, 0x0000000100000000)
  region size 1024K, 6 young (6144K), 6 survivors (6144K)
 Metaspace       used 67547K, committed 68288K, reserved 393216K
  class space    used 9060K, committed 9408K, reserved 327680K
}
Event: 377.045 GC heap before
{Heap before GC invocations=17 (full 0):
 garbage-first heap   total 262144K, used 211621K [0x00000000e0000000, 0x0000000100000000)
  region size 1024K, 153 young (156672K), 6 survivors (6144K)
 Metaspace       used 67912K, committed 68736K, reserved 393216K
  class space    used 9087K, committed 9472K, reserved 327680K
}
Event: 377.049 GC heap after
{Heap after GC invocations=18 (full 0):
 garbage-first heap   total 262144K, used 60069K [0x00000000e0000000, 0x0000000100000000)
  region size 1024K, 5 young (5120K), 5 survivors (5120K)
 Metaspace       used 67912K, committed 68736K, reserved 393216K
  class space    used 9087K, committed 9472K, reserved 327680K
}
Event: 449.483 GC heap before
{Heap before GC invocations=18 (full 0):
 garbage-first heap   total 262144K, used 211621K [0x00000000e0000000, 0x0000000100000000)
  region size 1024K, 153 young (156672K), 5 survivors (5120K)
 Metaspace       used 68080K, committed 68864K, reserved 393216K
  class space    used 9089K, committed 9472K, reserved 327680K
}
Event: 449.486 GC heap after
{Heap after GC invocations=19 (full 0):
 garbage-first heap   total 262144K, used 58168K [0x00000000e0000000, 0x0000000100000000)
  region size 1024K, 4 young (4096K), 4 survivors (4096K)
 Metaspace       used 68080K, committed 68864K, reserved 393216K
  class space    used 9089K, committed 9472K, reserved 327680K
}
Event: 498.100 GC heap before
{Heap before GC invocations=19 (full 0):
 garbage-first heap   total 262144K, used 210744K [0x00000000e0000000, 0x0000000100000000)
  region size 1024K, 153 young (156672K), 4 survivors (4096K)
 Metaspace       used 68145K, committed 68928K, reserved 393216K
  class space    used 9089K, committed 9472K, reserved 327680K
}
Event: 498.105 GC heap after
{Heap after GC invocations=20 (full 0):
 garbage-first heap   total 262144K, used 62115K [0x00000000e0000000, 0x0000000100000000)
  region size 1024K, 7 young (7168K), 7 survivors (7168K)
 Metaspace       used 68145K, committed 68928K, reserved 393216K
  class space    used 9089K, committed 9472K, reserved 327680K
}
Event: 620.057 GC heap before
{Heap before GC invocations=20 (full 0):
 garbage-first heap   total 262144K, used 210595K [0x00000000e0000000, 0x0000000100000000)
  region size 1024K, 153 young (156672K), 7 survivors (7168K)
 Metaspace       used 68279K, committed 69120K, reserved 393216K
  class space    used 9090K, committed 9472K, reserved 327680K
}
Event: 620.061 GC heap after
{Heap after GC invocations=21 (full 0):
 garbage-first heap   total 262144K, used 59853K [0x00000000e0000000, 0x0000000100000000)
  region size 1024K, 5 young (5120K), 5 survivors (5120K)
 Metaspace       used 68279K, committed 69120K, reserved 393216K
  class space    used 9090K, committed 9472K, reserved 327680K
}
Event: 624.411 GC heap before
{Heap before GC invocations=21 (full 0):
 garbage-first heap   total 262144K, used 211405K [0x00000000e0000000, 0x0000000100000000)
  region size 1024K, 153 young (156672K), 5 survivors (5120K)
 Metaspace       used 68305K, committed 69120K, reserved 393216K
  class space    used 9092K, committed 9472K, reserved 327680K
}
Event: 624.416 GC heap after
{Heap after GC invocations=22 (full 0):
 garbage-first heap   total 262144K, used 62969K [0x00000000e0000000, 0x0000000100000000)
  region size 1024K, 8 young (8192K), 8 survivors (8192K)
 Metaspace       used 68305K, committed 69120K, reserved 393216K
  class space    used 9092K, committed 9472K, reserved 327680K
}

