# JRE version: OpenJDK Runtime Environment Microsoft-11369865 (17.0.15+6) (build 17.0.15+6-LTS)
# Java VM: OpenJDK 64-Bit Server VM Microsoft-11369865 (17.0.15+6-LTS, mixed mode, sharing, tiered, compressed oops, compressed class ptrs, g1 gc, windows-amd64)
GC Precious Log:
 CPUs: 16 total, 16 available
 Memory: 15591M
 Large Page Support: Disabled
 NUMA Support: Disabled
 Compressed Oops: Enabled (32-bit)
 Heap Region Size: 1M
 Heap Min Capacity: 256M
 Heap Initial Capacity: 256M
 Heap Max Capacity: 512M
 Pre-touch: Disabled
 Parallel Workers: 13
 Concurrent Workers: 3
 Concurrent Refinement Workers: 13
 Periodic GC: Disabled
Heap:
 garbage-first heap   total 262144K, used 194401K [0x00000000e0000000, 0x0000000100000000)
  region size 1024K, 146 young (149504K), 7 survivors (7168K)
 Metaspace       used 60231K, committed 60928K, reserved 393216K
  class space    used 8228K, committed 8576K, reserved 327680K
GC Heap History (18 events):
Event: 0.504 GC heap before
{Heap before GC invocations=0 (full 0):
 garbage-first heap   total 262144K, used 22528K [0x00000000e0000000, 0x0000000100000000)
  region size 1024K, 23 young (23552K), 0 survivors (0K)
 Metaspace       used 1121K, committed 1280K, reserved 393216K
  class space    used 78K, committed 128K, reserved 327680K
}
Event: 0.506 GC heap after
{Heap after GC invocations=1 (full 0):
 garbage-first heap   total 262144K, used 2533K [0x00000000e0000000, 0x0000000100000000)
  region size 1024K, 3 young (3072K), 3 survivors (3072K)
 Metaspace       used 1121K, committed 1280K, reserved 393216K
  class space    used 78K, committed 128K, reserved 327680K
}
Event: 1.225 GC heap before
{Heap before GC invocations=1 (full 0):
 garbage-first heap   total 262144K, used 38373K [0x00000000e0000000, 0x0000000100000000)
  region size 1024K, 36 young (36864K), 3 survivors (3072K)
 Metaspace       used 4472K, committed 4608K, reserved 393216K
  class space    used 553K, committed 640K, reserved 327680K
}
Event: 1.229 GC heap after
{Heap after GC invocations=2 (full 0):
 garbage-first heap   total 262144K, used 11237K [0x00000000e0000000, 0x0000000100000000)
  region size 1024K, 5 young (5120K), 5 survivors (5120K)
 Metaspace       used 4472K, committed 4608K, reserved 393216K
  class space    used 553K, committed 640K, reserved 327680K
}
Event: 1.695 GC heap before
{Heap before GC invocations=2 (full 0):
 garbage-first heap   total 262144K, used 59365K [0x00000000e0000000, 0x0000000100000000)
  region size 1024K, 51 young (52224K), 5 survivors (5120K)
 Metaspace       used 4727K, committed 4928K, reserved 393216K
  class space    used 589K, committed 704K, reserved 327680K
}
Event: 1.699 GC heap after
{Heap after GC invocations=3 (full 0):
 garbage-first heap   total 262144K, used 15910K [0x00000000e0000000, 0x0000000100000000)
  region size 1024K, 7 young (7168K), 7 survivors (7168K)
 Metaspace       used 4727K, committed 4928K, reserved 393216K
  class space    used 589K, committed 704K, reserved 327680K
}
Event: 4.353 GC heap before
{Heap before GC invocations=3 (full 0):
 garbage-first heap   total 262144K, used 127526K [0x00000000e0000000, 0x0000000100000000)
  region size 1024K, 117 young (119808K), 7 survivors (7168K)
 Metaspace       used 21171K, committed 21504K, reserved 393216K
  class space    used 3081K, committed 3264K, reserved 327680K
}
Event: 4.361 GC heap after
{Heap after GC invocations=4 (full 0):
 garbage-first heap   total 262144K, used 23683K [0x00000000e0000000, 0x0000000100000000)
  region size 1024K, 15 young (15360K), 15 survivors (15360K)
 Metaspace       used 21171K, committed 21504K, reserved 393216K
  class space    used 3081K, committed 3264K, reserved 327680K
}
Event: 6.571 GC heap before
{Heap before GC invocations=5 (full 0):
 garbage-first heap   total 262144K, used 144515K [0x00000000e0000000, 0x0000000100000000)
  region size 1024K, 130 young (133120K), 15 survivors (15360K)
 Metaspace       used 35548K, committed 35968K, reserved 393216K
  class space    used 4925K, committed 5120K, reserved 327680K
}
Event: 6.582 GC heap after
{Heap after GC invocations=6 (full 0):
 garbage-first heap   total 262144K, used 31856K [0x00000000e0000000, 0x0000000100000000)
  region size 1024K, 16 young (16384K), 16 survivors (16384K)
 Metaspace       used 35548K, committed 35968K, reserved 393216K
  class space    used 4925K, committed 5120K, reserved 327680K
}
Event: 8.750 GC heap before
{Heap before GC invocations=7 (full 0):
 garbage-first heap   total 262144K, used 173168K [0x00000000e0000000, 0x0000000100000000)
  region size 1024K, 153 young (156672K), 16 survivors (16384K)
 Metaspace       used 48682K, committed 49216K, reserved 393216K
  class space    used 6863K, committed 7104K, reserved 327680K
}
Event: 8.762 GC heap after
{Heap after GC invocations=8 (full 0):
 garbage-first heap   total 262144K, used 38447K [0x00000000e0000000, 0x0000000100000000)
  region size 1024K, 15 young (15360K), 15 survivors (15360K)
 Metaspace       used 48682K, committed 49216K, reserved 393216K
  class space    used 6863K, committed 7104K, reserved 327680K
}
Event: 11.351 GC heap before
{Heap before GC invocations=8 (full 0):
 garbage-first heap   total 262144K, used 179759K [0x00000000e0000000, 0x0000000100000000)
  region size 1024K, 153 young (156672K), 15 survivors (15360K)
 Metaspace       used 55221K, committed 55808K, reserved 393216K
  class space    used 7681K, committed 7936K, reserved 327680K
}
Event: 11.365 GC heap after
{Heap after GC invocations=9 (full 0):
 garbage-first heap   total 262144K, used 48898K [0x00000000e0000000, 0x0000000100000000)
  region size 1024K, 18 young (18432K), 18 survivors (18432K)
 Metaspace       used 55221K, committed 55808K, reserved 393216K
  class space    used 7681K, committed 7936K, reserved 327680K
}
Event: 73.542 GC heap before
{Heap before GC invocations=9 (full 0):
 garbage-first heap   total 262144K, used 186114K [0x00000000e0000000, 0x0000000100000000)
  region size 1024K, 153 young (156672K), 18 survivors (18432K)
 Metaspace       used 59027K, committed 59712K, reserved 393216K
  class space    used 8183K, committed 8512K, reserved 327680K
}
Event: 73.556 GC heap after
{Heap after GC invocations=10 (full 0):
 garbage-first heap   total 262144K, used 57491K [0x00000000e0000000, 0x0000000100000000)
  region size 1024K, 10 young (10240K), 10 survivors (10240K)
 Metaspace       used 59027K, committed 59712K, reserved 393216K
  class space    used 8183K, committed 8512K, reserved 327680K
}
Event: 80.580 GC heap before
{Heap before GC invocations=10 (full 0):
 garbage-first heap   total 262144K, used 115859K [0x00000000e0000000, 0x0000000100000000)
  region size 1024K, 68 young (69632K), 10 survivors (10240K)
 Metaspace       used 59437K, committed 60096K, reserved 393216K
  class space    used 8203K, committed 8512K, reserved 327680K
}
Event: 80.584 GC heap after
{Heap after GC invocations=11 (full 0):
 garbage-first heap   total 262144K, used 54113K [0x00000000e0000000, 0x0000000100000000)
  region size 1024K, 7 young (7168K), 7 survivors (7168K)
 Metaspace       used 59437K, committed 60096K, reserved 393216K
  class space    used 8203K, committed 8512K, reserved 327680K
}

